# JRE version: Java(TM) SE Runtime Environment (11.0.2+9) (build 11.0.2+9-LTS)
# Java VM: Java HotSpot(TM) 64-Bit Server VM (11.0.2+9-LTS, mixed mode, tiered, compressed oops, g1 gc, linux-amd64)
Heap:
 garbage-first heap   total 187392K, used 114307K [0x0000000087200000, 0x0000000100000000)
  region size 1024K, 86 young (88064K), 6 survivors (6144K)
 Metaspace       used 52802K, capacity 54079K, committed 54192K, reserved 1097728K
  class space    used 5903K, capacity 6361K, committed 6400K, reserved 1048576K
GC Heap History (10 events):
Event: 3.781 GC heap before
{Heap before GC invocations=5 (full 0):
 garbage-first heap   total 124928K, used 82944K [0x0000000087200000, 0x0000000100000000)
  region size 1024K, 73 young (74752K), 10 survivors (10240K)
 Metaspace       used 34039K, capacity 34834K, committed 35120K, reserved 1081344K
  class space    used 3649K, capacity 3888K, committed 3968K, reserved 1048576K
}
Event: 3.801 GC heap after
{Heap after GC invocations=6 (full 0):
 garbage-first heap   total 151552K, used 20877K [0x0000000087200000, 0x0000000100000000)
  region size 1024K, 4 young (4096K), 4 survivors (4096K)
 Metaspace       used 34039K, capacity 34834K, committed 35120K, reserved 1081344K
  class space    used 3649K, capacity 3888K, committed 3968K, reserved 1048576K
}
Event: 4.036 GC heap before
{Heap before GC invocations=6 (full 0):
 garbage-first heap   total 151552K, used 53645K [0x0000000087200000, 0x0000000100000000)
  region size 1024K, 37 young (37888K), 4 survivors (4096K)
 Metaspace       used 34778K, capacity 35619K, committed 35888K, reserved 1081344K
  class space    used 3723K, capacity 3960K, committed 3968K, reserved 1048576K
}
Event: 4.044 GC heap after
{Heap after GC invocations=7 (full 0):
 garbage-first heap   total 151552K, used 22535K [0x0000000087200000, 0x0000000100000000)
  region size 1024K, 6 young (6144K), 6 survivors (6144K)
 Metaspace       used 34778K, capacity 35619K, committed 35888K, reserved 1081344K
  class space    used 3723K, capacity 3960K, committed 3968K, reserved 1048576K
}
Event: 4.752 GC heap before
{Heap before GC invocations=8 (full 0):
 garbage-first heap   total 151552K, used 94215K [0x0000000087200000, 0x0000000100000000)
  region size 1024K, 76 young (77824K), 6 survivors (6144K)
 Metaspace       used 39971K, capacity 41012K, committed 41264K, reserved 1085440K
  class space    used 4326K, capacity 4677K, committed 4736K, reserved 1048576K
}
Event: 4.780 GC heap after
{Heap after GC invocations=9 (full 0):
 garbage-first heap   total 151552K, used 28441K [0x0000000087200000, 0x0000000100000000)
  region size 1024K, 8 young (8192K), 8 survivors (8192K)
 Metaspace       used 39971K, capacity 41012K, committed 41264K, reserved 1085440K
  class space    used 4326K, capacity 4677K, committed 4736K, reserved 1048576K
}
Event: 4.875 GC heap before
{Heap before GC invocations=9 (full 0):
 garbage-first heap   total 151552K, used 101145K [0x0000000087200000, 0x0000000100000000)
  region size 1024K, 81 young (82944K), 8 survivors (8192K)
 Metaspace       used 39975K, capacity 41012K, committed 41264K, reserved 1085440K
  class space    used 4326K, capacity 4677K, committed 4736K, reserved 1048576K
}
Event: 4.894 GC heap after
{Heap after GC invocations=10 (full 0):
 garbage-first heap   total 151552K, used 31295K [0x0000000087200000, 0x0000000100000000)
  region size 1024K, 4 young (4096K), 4 survivors (4096K)
 Metaspace       used 39975K, capacity 41012K, committed 41264K, reserved 1085440K
  class space    used 4326K, capacity 4677K, committed 4736K, reserved 1048576K
}
Event: 4.994 GC heap before
{Heap before GC invocations=10 (full 0):
 garbage-first heap   total 151552K, used 105023K [0x0000000087200000, 0x0000000100000000)
  region size 1024K, 77 young (78848K), 4 survivors (4096K)
 Metaspace       used 40009K, capacity 41012K, committed 41264K, reserved 1085440K
  class space    used 4326K, capacity 4677K, committed 4736K, reserved 1048576K
}
Event: 5.006 GC heap after
{Heap after GC invocations=11 (full 0):
 garbage-first heap   total 187392K, used 33411K [0x0000000087200000, 0x0000000100000000)
  region size 1024K, 6 young (6144K), 6 survivors (6144K)
 Metaspace       used 40009K, capacity 41012K, committed 41264K, reserved 1085440K
  class space    used 4326K, capacity 4677K, committed 4736K, reserved 1048576K
}

