# JRE version: Java(TM) SE Runtime Environment (11.0.2+9) (build 11.0.2+9-LTS)
# Java VM: Java HotSpot(TM) 64-Bit Server VM (11.0.2+9-LTS, mixed mode, tiered, compressed oops, g1 gc, linux-amd64)
Heap:
 garbage-first heap   total 156672K, used 106480K [0x0000000087200000, 0x0000000100000000)
  region size 1024K, 83 young (84992K), 8 survivors (8192K)
 Metaspace       used 52336K, capacity 53607K, committed 53840K, reserved 1097728K
  class space    used 5883K, capacity 6354K, committed 6400K, reserved 1048576K
GC Heap History (10 events):
Event: 2.799 GC heap before
{Heap before GC invocations=4 (full 0):
 garbage-first heap   total 124928K, used 77909K [0x0000000087200000, 0x0000000100000000)
  region size 1024K, 73 young (74752K), 8 survivors (8192K)
 Metaspace       used 31791K, capacity 32546K, committed 32816K, reserved 1079296K
  class space    used 3445K, capacity 3661K, committed 3712K, reserved 1048576K
}
Event: 2.819 GC heap after
{Heap after GC invocations=5 (full 0):
 garbage-first heap   total 124928K, used 19236K [0x0000000087200000, 0x0000000100000000)
  region size 1024K, 10 young (10240K), 10 survivors (10240K)
 Metaspace       used 31791K, capacity 32546K, committed 32816K, reserved 1079296K
  class space    used 3445K, capacity 3661K, committed 3712K, reserved 1048576K
}
Event: 3.336 GC heap before
{Heap before GC invocations=5 (full 0):
 garbage-first heap   total 124928K, used 83748K [0x0000000087200000, 0x0000000100000000)
  region size 1024K, 73 young (74752K), 10 survivors (10240K)
 Metaspace       used 33719K, capacity 34446K, committed 34608K, reserved 1079296K
  class space    used 3613K, capacity 3844K, committed 3968K, reserved 1048576K
}
Event: 3.359 GC heap after
{Heap after GC invocations=6 (full 0):
 garbage-first heap   total 156672K, used 22528K [0x0000000087200000, 0x0000000100000000)
  region size 1024K, 4 young (4096K), 4 survivors (4096K)
 Metaspace       used 33719K, capacity 34446K, committed 34608K, reserved 1079296K
  class space    used 3613K, capacity 3844K, committed 3968K, reserved 1048576K
}
Event: 3.498 GC heap before
{Heap before GC invocations=6 (full 0):
 garbage-first heap   total 156672K, used 38912K [0x0000000087200000, 0x0000000100000000)
  region size 1024K, 21 young (21504K), 4 survivors (4096K)
 Metaspace       used 34967K, capacity 35789K, committed 35920K, reserved 1081344K
  class space    used 3768K, capacity 4037K, committed 4096K, reserved 1048576K
}
Event: 3.506 GC heap after
{Heap after GC invocations=7 (full 0):
 garbage-first heap   total 156672K, used 23873K [0x0000000087200000, 0x0000000100000000)
  region size 1024K, 6 young (6144K), 6 survivors (6144K)
 Metaspace       used 34967K, capacity 35789K, committed 35920K, reserved 1081344K
  class space    used 3768K, capacity 4037K, committed 4096K, reserved 1048576K
}
Event: 4.060 GC heap before
{Heap before GC invocations=8 (full 0):
 garbage-first heap   total 156672K, used 99649K [0x0000000087200000, 0x0000000100000000)
  region size 1024K, 81 young (82944K), 6 survivors (6144K)
 Metaspace       used 39507K, capacity 40515K, committed 40656K, reserved 1085440K
  class space    used 4292K, capacity 4640K, committed 4736K, reserved 1048576K
}
Event: 4.073 GC heap after
{Heap after GC invocations=9 (full 0):
 garbage-first heap   total 156672K, used 29230K [0x0000000087200000, 0x0000000100000000)
  region size 1024K, 10 young (10240K), 10 survivors (10240K)
 Metaspace       used 39507K, capacity 40515K, committed 40656K, reserved 1085440K
  class space    used 4292K, capacity 4640K, committed 4736K, reserved 1048576K
}
Event: 4.273 GC heap before
{Heap before GC invocations=9 (full 0):
 garbage-first heap   total 156672K, used 111150K [0x0000000087200000, 0x0000000100000000)
  region size 1024K, 91 young (93184K), 10 survivors (10240K)
 Metaspace       used 40152K, capacity 41166K, committed 41424K, reserved 1085440K
  class space    used 4381K, capacity 4708K, committed 4736K, reserved 1048576K
}
Event: 4.285 GC heap after
{Heap after GC invocations=10 (full 0):
 garbage-first heap   total 156672K, used 31728K [0x0000000087200000, 0x0000000100000000)
  region size 1024K, 8 young (8192K), 8 survivors (8192K)
 Metaspace       used 40152K, capacity 41166K, committed 41424K, reserved 1085440K
  class space    used 4381K, capacity 4708K, committed 4736K, reserved 1048576K
}

