# JRE version: Java(TM) SE Runtime Environment (11.0.2+9) (build 11.0.2+9-LTS)
# Java VM: Java HotSpot(TM) 64-Bit Server VM (11.0.2+9-LTS, mixed mode, tiered, compressed oops, g1 gc, linux-amd64)
Heap:
 garbage-first heap   total 150528K, used 71979K [0x0000000087200000, 0x0000000100000000)
  region size 1024K, 54 young (55296K), 7 survivors (7168K)
 Metaspace       used 43502K, capacity 44665K, committed 44828K, reserved 1089536K
  class space    used 4849K, capacity 5250K, committed 5324K, reserved 1048576K
GC Heap History (10 events):
Event: 2.265 GC heap before
{Heap before GC invocations=3 (full 0):
 garbage-first heap   total 124928K, used 67509K [0x0000000087200000, 0x0000000100000000)
  region size 1024K, 66 young (67584K), 6 survivors (6144K)
 Metaspace       used 21992K, capacity 22349K, committed 22960K, reserved 1069056K
  class space    used 2349K, capacity 2473K, committed 2560K, reserved 1048576K
}
Event: 2.281 GC heap after
{Heap after GC invocations=4 (full 0):
 garbage-first heap   total 124928K, used 10735K [0x0000000087200000, 0x0000000100000000)
  region size 1024K, 8 young (8192K), 8 survivors (8192K)
 Metaspace       used 21992K, capacity 22349K, committed 22960K, reserved 1069056K
  class space    used 2349K, capacity 2473K, committed 2560K, reserved 1048576K
}
Event: 2.914 GC heap before
{Heap before GC invocations=4 (full 0):
 garbage-first heap   total 124928K, used 77295K [0x0000000087200000, 0x0000000100000000)
  region size 1024K, 73 young (74752K), 8 survivors (8192K)
 Metaspace       used 23915K, capacity 24438K, committed 24880K, reserved 1071104K
  class space    used 2498K, capacity 2635K, committed 2688K, reserved 1048576K
}
Event: 2.928 GC heap after
{Heap after GC invocations=5 (full 0):
 garbage-first heap   total 124928K, used 13382K [0x0000000087200000, 0x0000000100000000)
  region size 1024K, 8 young (8192K), 8 survivors (8192K)
 Metaspace       used 23915K, capacity 24438K, committed 24880K, reserved 1071104K
  class space    used 2498K, capacity 2635K, committed 2688K, reserved 1048576K
}
Event: 3.723 GC heap before
{Heap before GC invocations=5 (full 0):
 garbage-first heap   total 124928K, used 78918K [0x0000000087200000, 0x0000000100000000)
  region size 1024K, 73 young (74752K), 8 survivors (8192K)
 Metaspace       used 30444K, capacity 31186K, committed 31408K, reserved 1077248K
  class space    used 3245K, capacity 3489K, committed 3584K, reserved 1048576K
}
Event: 3.745 GC heap after
{Heap after GC invocations=6 (full 0):
 garbage-first heap   total 150528K, used 19038K [0x0000000087200000, 0x0000000100000000)
  region size 1024K, 9 young (9216K), 9 survivors (9216K)
 Metaspace       used 30444K, capacity 31186K, committed 31408K, reserved 1077248K
  class space    used 3245K, capacity 3489K, committed 3584K, reserved 1048576K
}
Event: 3.920 GC heap before
{Heap before GC invocations=6 (full 0):
 garbage-first heap   total 150528K, used 98910K [0x0000000087200000, 0x0000000100000000)
  region size 1024K, 88 young (90112K), 9 survivors (9216K)
 Metaspace       used 30548K, capacity 31315K, committed 31664K, reserved 1077248K
  class space    used 3245K, capacity 3489K, committed 3584K, reserved 1048576K
}
Event: 3.945 GC heap after
{Heap after GC invocations=7 (full 0):
 garbage-first heap   total 150528K, used 22478K [0x0000000087200000, 0x0000000100000000)
  region size 1024K, 9 young (9216K), 9 survivors (9216K)
 Metaspace       used 30548K, capacity 31315K, committed 31664K, reserved 1077248K
  class space    used 3245K, capacity 3489K, committed 3584K, reserved 1048576K
}
Event: 4.677 GC heap before
{Heap before GC invocations=7 (full 0):
 garbage-first heap   total 150528K, used 101326K [0x0000000087200000, 0x0000000100000000)
  region size 1024K, 88 young (90112K), 9 survivors (9216K)
 Metaspace       used 35006K, capacity 35843K, committed 35920K, reserved 1081344K
  class space    used 3815K, capacity 4080K, committed 4096K, reserved 1048576K
}
Event: 4.704 GC heap after
{Heap after GC invocations=8 (full 0):
 garbage-first heap   total 150528K, used 24875K [0x0000000087200000, 0x0000000100000000)
  region size 1024K, 7 young (7168K), 7 survivors (7168K)
 Metaspace       used 35006K, capacity 35843K, committed 35920K, reserved 1081344K
  class space    used 3815K, capacity 4080K, committed 4096K, reserved 1048576K
}

