# JRE version: Java(TM) SE Runtime Environment (11.0.2+9) (build 11.0.2+9-LTS)
# Java VM: Java HotSpot(TM) 64-Bit Server VM (11.0.2+9-LTS, mixed mode, tiered, compressed oops, g1 gc, linux-amd64)
Heap:
 garbage-first heap   total 189440K, used 122961K [0x0000000087200000, 0x0000000100000000)
  region size 1024K, 91 young (93184K), 6 survivors (6144K)
 Metaspace       used 52956K, capacity 54248K, committed 54448K, reserved 1097728K
  class space    used 5922K, capacity 6372K, committed 6400K, reserved 1048576K
GC Heap History (10 events):
Event: 3.703 GC heap before
{Heap before GC invocations=5 (full 0):
 garbage-first heap   total 124928K, used 83508K [0x0000000087200000, 0x0000000100000000)
  region size 1024K, 73 young (74752K), 10 survivors (10240K)
 Metaspace       used 34148K, capacity 34904K, committed 35120K, reserved 1081344K
  class space    used 3650K, capacity 3888K, committed 3968K, reserved 1048576K
}
Event: 3.723 GC heap after
{Heap after GC invocations=6 (full 0):
 garbage-first heap   total 154624K, used 25446K [0x0000000087200000, 0x0000000100000000)
  region size 1024K, 7 young (7168K), 7 survivors (7168K)
 Metaspace       used 34148K, capacity 34904K, committed 35120K, reserved 1081344K
  class space    used 3650K, capacity 3888K, committed 3968K, reserved 1048576K
}
Event: 3.905 GC heap before
{Heap before GC invocations=6 (full 0):
 garbage-first heap   total 154624K, used 55142K [0x0000000087200000, 0x0000000100000000)
  region size 1024K, 37 young (37888K), 7 survivors (7168K)
 Metaspace       used 34838K, capacity 35625K, committed 35888K, reserved 1081344K
  class space    used 3725K, capacity 3960K, committed 3968K, reserved 1048576K
}
Event: 3.917 GC heap after
{Heap after GC invocations=7 (full 0):
 garbage-first heap   total 154624K, used 27591K [0x0000000087200000, 0x0000000100000000)
  region size 1024K, 3 young (3072K), 3 survivors (3072K)
 Metaspace       used 34838K, capacity 35625K, committed 35888K, reserved 1081344K
  class space    used 3725K, capacity 3960K, committed 3968K, reserved 1048576K
}
Event: 4.532 GC heap before
{Heap before GC invocations=8 (full 0):
 garbage-first heap   total 154624K, used 95687K [0x0000000087200000, 0x0000000100000000)
  region size 1024K, 70 young (71680K), 3 survivors (3072K)
 Metaspace       used 39987K, capacity 40905K, committed 41008K, reserved 1085440K
  class space    used 4333K, capacity 4682K, committed 4736K, reserved 1048576K
}
Event: 4.559 GC heap after
{Heap after GC invocations=9 (full 0):
 garbage-first heap   total 154624K, used 31891K [0x0000000087200000, 0x0000000100000000)
  region size 1024K, 8 young (8192K), 8 survivors (8192K)
 Metaspace       used 39987K, capacity 40905K, committed 41008K, reserved 1085440K
  class space    used 4333K, capacity 4682K, committed 4736K, reserved 1048576K
}
Event: 4.640 GC heap before
{Heap before GC invocations=9 (full 0):
 garbage-first heap   total 154624K, used 101523K [0x0000000087200000, 0x0000000100000000)
  region size 1024K, 77 young (78848K), 8 survivors (8192K)
 Metaspace       used 40003K, capacity 40970K, committed 41264K, reserved 1085440K
  class space    used 4333K, capacity 4682K, committed 4736K, reserved 1048576K
}
Event: 4.648 GC heap after
{Heap after GC invocations=10 (full 0):
 garbage-first heap   total 154624K, used 34691K [0x0000000087200000, 0x0000000100000000)
  region size 1024K, 4 young (4096K), 4 survivors (4096K)
 Metaspace       used 40003K, capacity 40970K, committed 41264K, reserved 1085440K
  class space    used 4333K, capacity 4682K, committed 4736K, reserved 1048576K
}
Event: 4.731 GC heap before
{Heap before GC invocations=10 (full 0):
 garbage-first heap   total 154624K, used 109443K [0x0000000087200000, 0x0000000100000000)
  region size 1024K, 78 young (79872K), 4 survivors (4096K)
 Metaspace       used 40032K, capacity 40970K, committed 41264K, reserved 1085440K
  class space    used 4333K, capacity 4682K, committed 4736K, reserved 1048576K
}
Event: 4.739 GC heap after
{Heap after GC invocations=11 (full 0):
 garbage-first heap   total 189440K, used 36945K [0x0000000087200000, 0x0000000100000000)
  region size 1024K, 6 young (6144K), 6 survivors (6144K)
 Metaspace       used 40032K, capacity 40970K, committed 41264K, reserved 1085440K
  class space    used 4333K, capacity 4682K, committed 4736K, reserved 1048576K
}

